<?xml version="1.0" encoding="UTF-8"?>
<!-- Generated by org.testng.reporters.JUnitReportReporter -->
<testsuite hostname="DESKTOP-94IKA2I" failures="0" tests="6" name="testjava.LoginPageTest" time="19.028" errors="0" timestamp="2022-06-24T11:03:45 IST" skipped="0">
  <testcase classname="testjava.LoginPageTest" name="verifyTitle" time="0.058"/>
  <system-out/>
  <testcase classname="testjava.LoginPageTest" name="verifyURL" time="0.016"/>
  <system-out/>
  <testcase classname="testjava.LoginPageTest" name="verifyLogin" time="4.743"/>
  <system-out>
Verify Login with Correct cre  </system-out>
  <testcase classname="testjava.LoginPageTest" name="verifyLogin" time="5.097"/>
  <system-out>
Verify Login with Correct cre  </system-out>
  <testcase classname="testjava.LoginPageTest" name="verifyLogin" time="4.742"/>
  <system-out>
Verify Login with Correct cre  </system-out>
  <testcase classname="testjava.LoginPageTest" name="verifyLogin" time="4.372"/>
  <system-out>
Verify Login with Correct cre  </system-out>
</testsuite> <!-- testjava.LoginPageTest -->
